app/build/intermediates/manifest_merge_blame_file/release/manifest-merger-blame-release-report.txt
1<?xml version="1.0" encoding="utf-8"?>
2<manifest xmlns:android="http://schemas.android.com/apk/res/android"
3    package="com.syki.fidoreader"
4    android:versionCode="1"
5    android:versionName="1.0" >
6
7    <uses-sdk
8        android:minSdkVersion="24"
8-->src\main\AndroidManifest.xml
9        android:targetSdkVersion="29" />
9-->src\main\AndroidManifest.xml
10
11    <uses-permission android:name="android.permission.NFC" />
11-->src\main\AndroidManifest.xml:5:5-62
11-->src\main\AndroidManifest.xml:5:22-59
12
13    <uses-feature
13-->src\main\AndroidManifest.xml:7:5-9:35
14        android:name="android.hardware.nfc"
14-->src\main\AndroidManifest.xml:8:9-44
15        android:required="true" />
15-->src\main\AndroidManifest.xml:9:9-32
16
17    <application
17-->src\main\AndroidManifest.xml:11:5-38:19
18        android:allowBackup="true"
18-->[com.roger.catloadinglibrary:catloadinglibrary:1.0.5] AndroidManifest.xml:12:9-35
19        android:appComponentFactory="androidx.core.app.CoreComponentFactory"
19-->[androidx.core:core:1.5.0-alpha02] AndroidManifest.xml:24:18-86
20        android:icon="@drawable/ic_main_icon"
20-->src\main\AndroidManifest.xml:12:9-46
21        android:label="@string/app_name"
21-->src\main\AndroidManifest.xml:13:9-41
22        android:supportsRtl="true"
22-->src\main\AndroidManifest.xml:14:9-35
23        android:testOnly="true"
24        android:theme="@style/AppTheme" >
24-->src\main\AndroidManifest.xml:15:9-40
25        <activity
25-->src\main\AndroidManifest.xml:16:9-17:68
26            android:name="com.challenge.fidoreader.EnrollManageActivty"
26-->src\main\AndroidManifest.xml:16:19-54
27            android:theme="@style/AppTheme.NoActionBar" />
27-->src\main\AndroidManifest.xml:17:13-56
28        <activity
28-->src\main\AndroidManifest.xml:18:9-20:59
29            android:name="com.challenge.fidoreader.CredListActivity"
29-->src\main\AndroidManifest.xml:19:13-45
30            android:theme="@style/AppTheme.NoActionBar" />
30-->src\main\AndroidManifest.xml:20:13-56
31        <activity
31-->src\main\AndroidManifest.xml:21:9-37:20
32            android:name="com.challenge.fidoreader.MainActivity"
32-->src\main\AndroidManifest.xml:22:13-41
33            android:label="@string/app_name"
33-->src\main\AndroidManifest.xml:23:13-45
34            android:screenOrientation="portrait"
34-->src\main\AndroidManifest.xml:24:13-49
35            android:theme="@style/AppTheme.NoActionBar" >
35-->src\main\AndroidManifest.xml:25:13-56
36            <intent-filter>
36-->src\main\AndroidManifest.xml:26:13-29:29
37                <action android:name="android.intent.action.MAIN" />
37-->src\main\AndroidManifest.xml:27:17-69
37-->src\main\AndroidManifest.xml:27:25-66
38
39                <category android:name="android.intent.category.LAUNCHER" />
39-->src\main\AndroidManifest.xml:28:17-77
39-->src\main\AndroidManifest.xml:28:27-74
40            </intent-filter>
41            <intent-filter>
41-->src\main\AndroidManifest.xml:30:13-33:29
42                <action android:name="android.nfc.action.TAG_DISCOVERED" />
42-->src\main\AndroidManifest.xml:31:17-76
42-->src\main\AndroidManifest.xml:31:25-73
43
44                <category android:name="android.intent.category.DEFAULT" />
44-->src\main\AndroidManifest.xml:32:17-76
44-->src\main\AndroidManifest.xml:32:27-73
45            </intent-filter>
46
47            <meta-data
47-->src\main\AndroidManifest.xml:34:13-36:59
48                android:name="android.nfc.action.TAG_DISCOVERED"
48-->src\main\AndroidManifest.xml:35:17-65
49                android:resource="@xml/nfc_tech_filter" />
49-->src\main\AndroidManifest.xml:36:17-56
50        </activity>
51
52        <provider
52-->[androidx.lifecycle:lifecycle-process:2.0.0] AndroidManifest.xml:23:9-27:43
53            android:name="androidx.lifecycle.ProcessLifecycleOwnerInitializer"
53-->[androidx.lifecycle:lifecycle-process:2.0.0] AndroidManifest.xml:24:13-79
54            android:authorities="com.syki.fidoreader.lifecycle-process"
54-->[androidx.lifecycle:lifecycle-process:2.0.0] AndroidManifest.xml:25:13-69
55            android:exported="false"
55-->[androidx.lifecycle:lifecycle-process:2.0.0] AndroidManifest.xml:26:13-37
56            android:multiprocess="true" />
56-->[androidx.lifecycle:lifecycle-process:2.0.0] AndroidManifest.xml:27:13-40
57    </application>
58
59</manifest>